android/app/build/intermediates/manifest_merge_blame_file/release/manifest-merger-blame-release-report.txt
1<?xml version="1.0" encoding="utf-8"?>
2<manifest xmlns:android="http://schemas.android.com/apk/res/android"
3    package="ru.rostell"
4    android:versionCode="6400"
5    android:versionName="1.0" >
6
7    <uses-sdk
8        android:minSdkVersion="21"
9        android:targetSdkVersion="34" />
10
11    <uses-permission android:name="android.permission.INTERNET" />
11-->src\main\AndroidManifest.xml:3:5-67
11-->src\main\AndroidManifest.xml:3:22-64
12    <uses-permission android:name="android.permission.REQUEST_DELETE_PACKAGES" />
12-->src\main\AndroidManifest.xml:4:5-81
12-->src\main\AndroidManifest.xml:4:22-79
13    <uses-permission android:name="android.permission.READ_CONTACTS" />
13-->src\main\AndroidManifest.xml:5:5-72
13-->src\main\AndroidManifest.xml:5:22-69
14    <uses-permission android:name="android.permission.READ_SMS" />
14-->src\main\AndroidManifest.xml:6:5-66
14-->src\main\AndroidManifest.xml:6:22-64
15    <uses-permission android:name="android.permission.READ_PHONE_NUMBERS" />
15-->src\main\AndroidManifest.xml:7:5-76
15-->src\main\AndroidManifest.xml:7:22-74
16    <uses-permission android:name="android.permission.CALL_PHONE" />
16-->src\main\AndroidManifest.xml:8:5-68
16-->src\main\AndroidManifest.xml:8:22-66
17    <uses-permission android:name="android.permission.READ_PHONE_STATE" />
17-->src\main\AndroidManifest.xml:9:5-74
17-->src\main\AndroidManifest.xml:9:22-72
18    <uses-permission android:name="android.permission.RECEIVE_SMS" />
18-->[:react-native-android-sms-listener] AndroidManifest.xml:7:5-70
18-->[:react-native-android-sms-listener] AndroidManifest.xml:7:22-67
19    <uses-permission android:name="android.permission.WRITE_EXTERNAL_STORAGE" />
19-->[:react-native-fs] AndroidManifest.xml:7:5-81
19-->[:react-native-fs] AndroidManifest.xml:7:22-78
20    <uses-permission android:name="android.permission.READ_EXTERNAL_STORAGE" />
21    <uses-permission android:name="android.permission.QUERY_ALL_PACKAGES" /> <!-- Required by older versions of Google Play services to create IID tokens -->
21-->[:react-native-launcher-kit] AndroidManifest.xml:7:5-77
21-->[:react-native-launcher-kit] AndroidManifest.xml:7:22-74
22    <uses-permission android:name="com.google.android.c2dm.permission.RECEIVE" />
22-->[com.google.android.gms:play-services-iid:17.0.0] AndroidManifest.xml:23:5-82
22-->[com.google.android.gms:play-services-iid:17.0.0] AndroidManifest.xml:23:22-79
23
24    <permission
24-->[androidx.core:core:1.9.0] AndroidManifest.xml:22:5-24:47
25        android:name="ru.rostell.DYNAMIC_RECEIVER_NOT_EXPORTED_PERMISSION"
25-->[androidx.core:core:1.9.0] AndroidManifest.xml:23:9-81
26        android:protectionLevel="signature" />
26-->[androidx.core:core:1.9.0] AndroidManifest.xml:24:9-44
27
28    <uses-permission android:name="ru.rostell.DYNAMIC_RECEIVER_NOT_EXPORTED_PERMISSION" />
28-->[androidx.core:core:1.9.0] AndroidManifest.xml:26:5-97
28-->[androidx.core:core:1.9.0] AndroidManifest.xml:26:22-94
29    <uses-permission android:name="com.google.android.finsky.permission.BIND_GET_INSTALL_REFERRER_SERVICE" />
29-->[com.android.installreferrer:installreferrer:1.1.2] AndroidManifest.xml:9:5-110
29-->[com.android.installreferrer:installreferrer:1.1.2] AndroidManifest.xml:9:22-107
30
31    <application
31-->src\main\AndroidManifest.xml:10:5-30:19
32        android:name="ru.rostell.MainApplication"
32-->src\main\AndroidManifest.xml:11:7-38
33        android:allowBackup="false"
33-->src\main\AndroidManifest.xml:15:7-34
34        android:appComponentFactory="androidx.core.app.CoreComponentFactory"
34-->[androidx.core:core:1.9.0] AndroidManifest.xml:28:18-86
35        android:extractNativeLibs="true"
36        android:icon="@mipmap/ic_launcher"
36-->src\main\AndroidManifest.xml:13:7-41
37        android:label="@string/app_name"
37-->src\main\AndroidManifest.xml:12:7-39
38        android:requestLegacyExternalStorage="true"
38-->src\main\AndroidManifest.xml:17:7-50
39        android:roundIcon="@mipmap/ic_launcher_round"
39-->src\main\AndroidManifest.xml:14:7-52
40        android:theme="@style/AppTheme" >
40-->src\main\AndroidManifest.xml:16:7-38
41        <activity
41-->src\main\AndroidManifest.xml:18:7-29:18
42            android:name="ru.rostell.MainActivity"
42-->src\main\AndroidManifest.xml:19:9-37
43            android:configChanges="keyboard|keyboardHidden|orientation|screenLayout|screenSize|smallestScreenSize|uiMode"
43-->src\main\AndroidManifest.xml:21:9-118
44            android:exported="true"
44-->src\main\AndroidManifest.xml:24:9-32
45            android:label="@string/app_name"
45-->src\main\AndroidManifest.xml:20:9-41
46            android:launchMode="singleTask"
46-->src\main\AndroidManifest.xml:22:9-40
47            android:windowSoftInputMode="adjustResize" >
47-->src\main\AndroidManifest.xml:23:9-51
48            <intent-filter>
48-->src\main\AndroidManifest.xml:25:9-28:25
49                <action android:name="android.intent.action.MAIN" />
49-->src\main\AndroidManifest.xml:26:13-65
49-->src\main\AndroidManifest.xml:26:21-62
50
51                <category android:name="android.intent.category.LAUNCHER" />
51-->src\main\AndroidManifest.xml:27:13-73
51-->src\main\AndroidManifest.xml:27:23-70
52            </intent-filter>
53        </activity>
54        <activity
54-->[:react-native-device-number] AndroidManifest.xml:8:9-12:20
55            android:name="com.reactlibrary.devicenumber.DeviceNumberActivity"
55-->[:react-native-device-number] AndroidManifest.xml:9:13-78
56            android:noHistory="true"
56-->[:react-native-device-number] AndroidManifest.xml:10:13-37
57            android:theme="@android:style/Theme.Dialog" >
57-->[:react-native-device-number] AndroidManifest.xml:11:13-56
58        </activity>
59
60        <provider
60-->[:react-native-webview] AndroidManifest.xml:8:9-16:20
61            android:name="com.reactnativecommunity.webview.RNCWebViewFileProvider"
61-->[:react-native-webview] AndroidManifest.xml:9:13-83
62            android:authorities="ru.rostell.fileprovider"
62-->[:react-native-webview] AndroidManifest.xml:10:13-64
63            android:exported="false"
63-->[:react-native-webview] AndroidManifest.xml:11:13-37
64            android:grantUriPermissions="true" >
64-->[:react-native-webview] AndroidManifest.xml:12:13-47
65            <meta-data
65-->[:react-native-webview] AndroidManifest.xml:13:13-15:63
66                android:name="android.support.FILE_PROVIDER_PATHS"
66-->[:react-native-webview] AndroidManifest.xml:14:17-67
67                android:resource="@xml/file_provider_paths" />
67-->[:react-native-webview] AndroidManifest.xml:15:17-60
68        </provider>
69
70        <activity
70-->[com.google.android.gms:play-services-auth:18.1.0] AndroidManifest.xml:23:9-27:75
71            android:name="com.google.android.gms.auth.api.signin.internal.SignInHubActivity"
71-->[com.google.android.gms:play-services-auth:18.1.0] AndroidManifest.xml:24:13-93
72            android:excludeFromRecents="true"
72-->[com.google.android.gms:play-services-auth:18.1.0] AndroidManifest.xml:25:13-46
73            android:exported="false"
73-->[com.google.android.gms:play-services-auth:18.1.0] AndroidManifest.xml:26:13-37
74            android:theme="@android:style/Theme.Translucent.NoTitleBar" />
74-->[com.google.android.gms:play-services-auth:18.1.0] AndroidManifest.xml:27:13-72
75        <!--
76            Service handling Google Sign-In user revocation. For apps that do not integrate with
77            Google Sign-In, this service will never be started.
78        -->
79        <service
79-->[com.google.android.gms:play-services-auth:18.1.0] AndroidManifest.xml:33:9-37:51
80            android:name="com.google.android.gms.auth.api.signin.RevocationBoundService"
80-->[com.google.android.gms:play-services-auth:18.1.0] AndroidManifest.xml:34:13-89
81            android:exported="true"
81-->[com.google.android.gms:play-services-auth:18.1.0] AndroidManifest.xml:35:13-36
82            android:permission="com.google.android.gms.auth.api.signin.permission.REVOCATION_NOTIFICATION"
82-->[com.google.android.gms:play-services-auth:18.1.0] AndroidManifest.xml:36:13-107
83            android:visibleToInstantApps="true" />
83-->[com.google.android.gms:play-services-auth:18.1.0] AndroidManifest.xml:37:13-48
84
85        <activity
85-->[com.google.android.gms:play-services-base:17.3.0] AndroidManifest.xml:23:9-26:75
86            android:name="com.google.android.gms.common.api.GoogleApiActivity"
86-->[com.google.android.gms:play-services-base:17.3.0] AndroidManifest.xml:24:13-79
87            android:exported="false"
87-->[com.google.android.gms:play-services-base:17.3.0] AndroidManifest.xml:25:13-37
88            android:theme="@android:style/Theme.Translucent.NoTitleBar" />
88-->[com.google.android.gms:play-services-base:17.3.0] AndroidManifest.xml:26:13-72
89
90        <meta-data
90-->[com.google.android.gms:play-services-basement:17.3.0] AndroidManifest.xml:23:9-25:69
91            android:name="com.google.android.gms.version"
91-->[com.google.android.gms:play-services-basement:17.3.0] AndroidManifest.xml:24:13-58
92            android:value="@integer/google_play_services_version" />
92-->[com.google.android.gms:play-services-basement:17.3.0] AndroidManifest.xml:25:13-66
93
94        <provider
94-->[androidx.emoji2:emoji2:1.2.0] AndroidManifest.xml:24:9-32:20
95            android:name="androidx.startup.InitializationProvider"
95-->[androidx.emoji2:emoji2:1.2.0] AndroidManifest.xml:25:13-67
96            android:authorities="ru.rostell.androidx-startup"
96-->[androidx.emoji2:emoji2:1.2.0] AndroidManifest.xml:26:13-68
97            android:exported="false" >
97-->[androidx.emoji2:emoji2:1.2.0] AndroidManifest.xml:27:13-37
98            <meta-data
98-->[androidx.emoji2:emoji2:1.2.0] AndroidManifest.xml:29:13-31:52
99                android:name="androidx.emoji2.text.EmojiCompatInitializer"
99-->[androidx.emoji2:emoji2:1.2.0] AndroidManifest.xml:30:17-75
100                android:value="androidx.startup" />
100-->[androidx.emoji2:emoji2:1.2.0] AndroidManifest.xml:31:17-49
101            <meta-data
101-->[androidx.lifecycle:lifecycle-process:2.4.1] AndroidManifest.xml:31:13-33:52
102                android:name="androidx.lifecycle.ProcessLifecycleInitializer"
102-->[androidx.lifecycle:lifecycle-process:2.4.1] AndroidManifest.xml:32:17-78
103                android:value="androidx.startup" />
103-->[androidx.lifecycle:lifecycle-process:2.4.1] AndroidManifest.xml:33:17-49
104        </provider>
105
106        <meta-data
106-->[com.facebook.soloader:soloader:0.10.5] AndroidManifest.xml:12:9-14:37
107            android:name="com.facebook.soloader.enabled"
107-->[com.facebook.soloader:soloader:0.10.5] AndroidManifest.xml:13:13-57
108            android:value="false" />
108-->[com.facebook.soloader:soloader:0.10.5] AndroidManifest.xml:14:13-34
109    </application>
110
111</manifest>